<?xml version="1.0" encoding="UTF-8"?>
<testsuites name="SetupTearsDown" time="9.968" tests="1" failures="0" errors="0">
   <testsuite name="SetupTearsDown" tests="1" failures="0" errors="0" time="9.968" skipped="0" timestamp="21-02-2025T14:43:37" hostname="deniz - macbook-pro.lan" id="Test Suites/SetupTearsDown">
      <properties>
         <property name="deviceName" value=""/>
         <property name="devicePlatform"/>
         <property name="logFolder" value="/Users/deniz/git/KatalonAutomationProject/Reports/20250221_144335/SetupTearsDown/20250221_144336"/>
         <property name="logFiles" value="/Users/deniz/git/KatalonAutomationProject/Reports/20250221_144335/SetupTearsDown/20250221_144336/execution0.log"/>
         <property name="attachments" value=""/>
         <property name="hostName" value="deniz - macbook-pro.lan"/>
         <property name="os" value="Mac OS X 64bit"/>
         <property name="katalonVersion" value="10.1.0.223"/>
         <property name="browser" value="Chrome 133.0.6943.127"/>
         <property name="hostAddress" value="192.168.0.176"/>
         <property name="sessionId" value="f6ba9a71271d13ef6fe04da8e2cbef63"/>
         <property name="seleniumVersion" value="4.22.0"/>
         <property name="proxyInformation" value="ProxyInformation { proxyOption=NO_PROXY, proxyServerType=HTTP, username=, password=********, proxyServerAddress=, proxyServerPort=0, executionList=&quot;&quot;, isApplyToDesiredCapabilities=true }"/>
         <property name="platform" value="Mac OS X"/>
      </properties>
      <testcase name="Test Cases/TearsDownTest" time="5.505" classname="Test Cases/TearsDownTest" status="PASSED">
         <system-out><![CDATA[21-02-2025T14:43:42 - [TEST_CASE][PASSED] - Test Cases/TearsDownTest: Test Cases/TearsDownTest

21-02-2025T14:43:42 - [TEST_STEP][PASSED] - Start setup action : setupTestCase: Method 'setupTestCase' complete successfully

21-02-2025T14:43:42 - [TEST_STEP][PASSED] - comment("===== Starting New Test Case ====="): ===== Starting New Test Case =====

21-02-2025T14:43:42 - [MESSAGE][INFO] - ===== Starting New Test Case =====

21-02-2025T14:43:42 - [MESSAGE][PASSED] - Method 'setupTestCase' complete successfully

21-02-2025T14:43:42 - [TEST_STEP][PASSED] - click(findTestObject("Object Repository/Page_Automation Exercise/p_Consent")): Object: 'Object Repository/Page_Automation Exercise/p_Consent' is clicked on

21-02-2025T14:43:42 - [MESSAGE][PASSED] - Object: 'Object Repository/Page_Automation Exercise/p_Consent' is clicked on

21-02-2025T14:43:42 - [TEST_STEP][PASSED] - click(findTestObject("Object Repository/Page_Automation Exercise/a_Signup  Login")): Object: 'Object Repository/Page_Automation Exercise/a_Signup  Login' is clicked on

21-02-2025T14:43:46 - [MESSAGE][PASSED] - Object: 'Object Repository/Page_Automation Exercise/a_Signup  Login' is clicked on

21-02-2025T14:43:46 - [TEST_STEP][PASSED] - setText(findTestObject("Object Repository/Page_Automation Exercise - Signup  Login/input_Login to your account_email"), "de"): Text 'de' is set on object 'Object Repository/Page_Automation Exercise - Signup  Login/input_Login to your account_email'

21-02-2025T14:43:47 - [MESSAGE][PASSED] - Text 'de' is set on object 'Object Repository/Page_Automation Exercise - Signup  Login/input_Login to your account_email'

21-02-2025T14:43:47 - [TEST_STEP][PASSED] - setEncryptedText(findTestObject("Object Repository/Page_Automation Exercise - Signup  Login/input_Login to your account_password"), "lQ+BfW/Kvgc="): Text ****** has been set on object 'Object Repository/Page_Automation Exercise - Signup  Login/input_Login to your account_password'

21-02-2025T14:43:47 - [MESSAGE][PASSED] - Text ****** has been set on object 'Object Repository/Page_Automation Exercise - Signup  Login/input_Login to your account_password'

21-02-2025T14:43:47 - [TEST_STEP][PASSED] - click(findTestObject("Object Repository/Page_Automation Exercise - Signup  Login/button_Login")): Object: 'Object Repository/Page_Automation Exercise - Signup  Login/button_Login' is clicked on

21-02-2025T14:43:47 - [MESSAGE][PASSED] - Object: 'Object Repository/Page_Automation Exercise - Signup  Login/button_Login' is clicked on

21-02-2025T14:43:47 - [TEST_STEP][PASSED] - Start tear down : tearDownTestCase: groovy.lang.MissingMethodException: No signature of method: static com.kms.katalon.core.webui.keyword.WebUiBuiltInKeywords.getLastCheckpointStatus() is applicable for argument types: () values: []

21-02-2025T14:43:47 - [TEST_STEP][PASSED] - if (getLastCheckpointStatus() == STOP_ON_FAILURE): null

21-02-2025T14:43:47 - [MESSAGE][WARNING] - groovy.lang.MissingMethodException: No signature of method: static com.kms.katalon.core.webui.keyword.WebUiBuiltInKeywords.getLastCheckpointStatus() is applicable for argument types: () values: []]]></system-out>
         <system-err><![CDATA[]]></system-err>
      </testcase>
      <system-out><![CDATA[21-02-2025T14:43:37 - [TEST_SUITE][PASSED] - SetupTearsDown: Test Cases/TearsDownTest]]></system-out>
      <system-err><![CDATA[]]></system-err>
   </testsuite>
</testsuites>
